<?xml version="1.0" encoding="UTF-8"?>
<!-- Generated by org.testng.reporters.JUnitXMLReporter -->
<testsuite ignored="0" hostname="LAPTOP-TGQQB38T" failures="0" tests="3" name="Default test" time="25.537" errors="0" timestamp="13 Apr 2024 07:03:12 GMT">
  <testcase classname="topics.ReadExcel_For_DataDrivenTesting" name="AbotTitleInvalid" time="9.314"/>
  <testcase classname="topics.ReadExcel_For_DataDrivenTesting" name="AbotTitleInvalid" time="7.652"/>
  <testcase classname="topics.ReadExcel_For_DataDrivenTesting" name="AbotTitleInvalid" time="7.866"/>
</testsuite> <!-- Default test -->
