<?xml version="1.0" encoding="UTF-8"?>
<!-- Generated by org.testng.reporters.JUnitXMLReporter -->
<testsuite ignored="0" hostname="LAPTOP-TGQQB38T" failures="0" tests="4" name="Test" time="18.413" errors="0" timestamp="13 Apr 2024 07:19:15 GMT">
  <testcase classname="topics.TestNG_XML_ParallelTesting_Test_Cases_52" name="getTitle" time="5.443"/>
  <testcase classname="topics.TestNG_XML_ParallelTesting_Test_Cases_52" name="getCurrentURL" time="12.053"/>
  <testcase classname="topics.TestNG_XML_ParallelTesting_Test_Cases_53" name="edge" time="9.676"/>
  <testcase classname="topics.TestNG_XML_ParallelTesting_Test_Cases_53" name="edgeBrowser" time="6.337"/>
</testsuite> <!-- Test -->
