<?xml version="1.0" encoding="UTF-8"?>
<testng-results ignored="0" total="4" passed="4" failed="0" skipped="0">
  <reporter-output>
  </reporter-output>
  <suite started-at="2024-04-13T07:18:56Z" name="Suite" finished-at="2024-04-13T07:19:15Z" duration-ms="18413">
    <groups>
    </groups>
    <test started-at="2024-04-13T07:18:56Z" name="Test" finished-at="2024-04-13T07:19:15Z" duration-ms="18413">
      <class name="topics.TestNG_XML_ParallelTesting_Test_Cases_52">
        <test-method signature="getTitle()[pri:0, instance:topics.TestNG_XML_ParallelTesting_Test_Cases_52@1349883]" started-at="2024-04-13T12:48:56Z" name="getTitle" finished-at="2024-04-13T12:49:02Z" duration-ms="5443" status="PASS">
          <reporter-output>
          </reporter-output>
        </test-method> <!-- getTitle -->
        <test-method signature="getCurrentURL()[pri:0, instance:topics.TestNG_XML_ParallelTesting_Test_Cases_52@1349883]" started-at="2024-04-13T12:48:56Z" name="getCurrentURL" finished-at="2024-04-13T12:49:08Z" duration-ms="12053" status="PASS">
          <reporter-output>
          </reporter-output>
        </test-method> <!-- getCurrentURL -->
      </class> <!-- topics.TestNG_XML_ParallelTesting_Test_Cases_52 -->
      <class name="topics.TestNG_XML_ParallelTesting_Test_Cases_53">
        <test-method signature="edge()[pri:0, instance:topics.TestNG_XML_ParallelTesting_Test_Cases_53@d737b89]" started-at="2024-04-13T12:49:02Z" name="edge" finished-at="2024-04-13T12:49:11Z" duration-ms="9676" status="PASS">
          <reporter-output>
          </reporter-output>
        </test-method> <!-- edge -->
        <test-method signature="edgeBrowser()[pri:0, instance:topics.TestNG_XML_ParallelTesting_Test_Cases_53@d737b89]" started-at="2024-04-13T12:49:08Z" name="edgeBrowser" finished-at="2024-04-13T12:49:15Z" duration-ms="6337" status="PASS">
          <reporter-output>
          </reporter-output>
        </test-method> <!-- edgeBrowser -->
      </class> <!-- topics.TestNG_XML_ParallelTesting_Test_Cases_53 -->
    </test> <!-- Test -->
  </suite> <!-- Suite -->
</testng-results>
