<?xml version="1.0" encoding="UTF-8"?>
<testng-results ignored="0" total="2" passed="2" failed="0" skipped="0">
  <reporter-output>
  </reporter-output>
  <suite started-at="2024-04-26T11:20:10Z" name="Suite" finished-at="2024-04-26T11:20:21Z" duration-ms="10899">
    <groups>
    </groups>
    <test started-at="2024-04-26T11:20:10Z" name="Test" finished-at="2024-04-26T11:20:21Z" duration-ms="10899">
      <class name="topics.TestNG_Annotation_Parameters_Test_Cases_54">
        <test-method signature="getCurrentURL(java.lang.String, java.lang.String)[pri:0, instance:topics.TestNG_Annotation_Parameters_Test_Cases_54@7f485fda]" started-at="2024-04-26T16:50:10Z" name="getCurrentURL" finished-at="2024-04-26T16:50:15Z" duration-ms="4842" status="PASS">
          <params>
            <param index="0">
              <value>
                <![CDATA[Selenium]]>
              </value>
            </param>
            <param index="1">
              <value>
                <![CDATA[Python]]>
              </value>
            </param>
          </params>
          <reporter-output>
          </reporter-output>
        </test-method> <!-- getCurrentURL -->
        <test-method signature="getTitle(java.lang.String, java.lang.String)[pri:0, instance:topics.TestNG_Annotation_Parameters_Test_Cases_54@7f485fda]" started-at="2024-04-26T16:50:15Z" name="getTitle" finished-at="2024-04-26T16:50:21Z" duration-ms="6034" status="PASS">
          <params>
            <param index="0">
              <value>
                <![CDATA[Selenium]]>
              </value>
            </param>
            <param index="1">
              <value>
                <![CDATA[Java]]>
              </value>
            </param>
          </params>
          <reporter-output>
          </reporter-output>
        </test-method> <!-- getTitle -->
      </class> <!-- topics.TestNG_Annotation_Parameters_Test_Cases_54 -->
    </test> <!-- Test -->
  </suite> <!-- Suite -->
</testng-results>
