<?xml version="1.0" encoding="UTF-8"?>
<testng-results ignored="0" total="3" passed="3" failed="0" skipped="0">
  <reporter-output>
  </reporter-output>
  <suite started-at="2024-04-13T07:02:47Z" name="Default suite" finished-at="2024-04-13T07:03:12Z" duration-ms="25537">
    <groups>
    </groups>
    <test started-at="2024-04-13T07:02:47Z" name="Default test" finished-at="2024-04-13T07:03:12Z" duration-ms="25537">
      <class name="topics.ReadExcel_For_DataDrivenTesting">
        <test-method signature="AbotTitleInvalid(java.lang.String, java.lang.String)[pri:0, instance:topics.ReadExcel_For_DataDrivenTesting@35841320]" started-at="2024-04-13T12:32:47Z" name="AbotTitleInvalid" data-provider="LoginDataProvider" finished-at="2024-04-13T12:32:57Z" duration-ms="9314" status="PASS">
          <params>
            <param index="0">
              <value>
                <![CDATA[standard_user]]>
              </value>
            </param>
            <param index="1">
              <value>
                <![CDATA[secret_sauce]]>
              </value>
            </param>
          </params>
          <reporter-output>
          </reporter-output>
        </test-method> <!-- AbotTitleInvalid -->
        <test-method signature="AbotTitleInvalid(java.lang.String, java.lang.String)[pri:0, instance:topics.ReadExcel_For_DataDrivenTesting@35841320]" started-at="2024-04-13T12:32:57Z" name="AbotTitleInvalid" data-provider="LoginDataProvider" finished-at="2024-04-13T12:33:04Z" duration-ms="7652" status="PASS">
          <params>
            <param index="0">
              <value>
                <![CDATA[locked_out_user]]>
              </value>
            </param>
            <param index="1">
              <value>
                <![CDATA[secret_sauce]]>
              </value>
            </param>
          </params>
          <reporter-output>
          </reporter-output>
        </test-method> <!-- AbotTitleInvalid -->
        <test-method signature="AbotTitleInvalid(java.lang.String, java.lang.String)[pri:0, instance:topics.ReadExcel_For_DataDrivenTesting@35841320]" started-at="2024-04-13T12:33:04Z" name="AbotTitleInvalid" data-provider="LoginDataProvider" finished-at="2024-04-13T12:33:12Z" duration-ms="7866" status="PASS">
          <params>
            <param index="0">
              <value>
                <![CDATA[problem_user]]>
              </value>
            </param>
            <param index="1">
              <value>
                <![CDATA[secret_sauce]]>
              </value>
            </param>
          </params>
          <reporter-output>
          </reporter-output>
        </test-method> <!-- AbotTitleInvalid -->
      </class> <!-- topics.ReadExcel_For_DataDrivenTesting -->
    </test> <!-- Default test -->
  </suite> <!-- Default suite -->
</testng-results>
