<?xml version="1.0" encoding="UTF-8"?>
<testng-results ignored="0" total="2" passed="2" failed="0" skipped="0">
  <reporter-output>
  </reporter-output>
  <suite started-at="2024-04-24T22:57:59Z" name="Suite" finished-at="2024-04-24T22:58:09Z" duration-ms="9942">
    <groups>
    </groups>
    <test started-at="2024-04-24T22:57:59Z" name="Test" finished-at="2024-04-24T22:58:09Z" duration-ms="9942">
      <class name="topics.TestNG_Annotation_Parameters_Test_Cases_54">
        <test-method signature="getCurrentURL(java.lang.String, java.lang.String)[pri:0, instance:topics.TestNG_Annotation_Parameters_Test_Cases_54@7ae0a9ec]" started-at="2024-04-25T04:27:59Z" name="getCurrentURL" finished-at="2024-04-25T04:28:05Z" duration-ms="6011" status="PASS">
          <params>
            <param index="0">
              <value>
                <![CDATA[Selenium]]>
              </value>
            </param>
            <param index="1">
              <value>
                <![CDATA[Python]]>
              </value>
            </param>
          </params>
          <reporter-output>
          </reporter-output>
        </test-method> <!-- getCurrentURL -->
        <test-method signature="getTitle(java.lang.String, java.lang.String)[pri:0, instance:topics.TestNG_Annotation_Parameters_Test_Cases_54@7ae0a9ec]" started-at="2024-04-25T04:28:05Z" name="getTitle" finished-at="2024-04-25T04:28:09Z" duration-ms="3858" status="PASS">
          <params>
            <param index="0">
              <value>
                <![CDATA[Selenium]]>
              </value>
            </param>
            <param index="1">
              <value>
                <![CDATA[Java]]>
              </value>
            </param>
          </params>
          <reporter-output>
          </reporter-output>
        </test-method> <!-- getTitle -->
      </class> <!-- topics.TestNG_Annotation_Parameters_Test_Cases_54 -->
    </test> <!-- Test -->
  </suite> <!-- Suite -->
</testng-results>
